#
# A fatal error has been detected by the Java Runtime Environment:
#
#  EXCEPTION_ACCESS_VIOLATION (0xc0000005) at pc=0x000000006e826558, pid=24216, tid=0x0000000000006aa0
#
# JRE version: Java(TM) SE Runtime Environment (8.0_172-b11) (build 1.8.0_172-b11)
# Java VM: Java HotSpot(TM) 64-Bit Server VM (25.172-b11 mixed mode windows-amd64 compressed oops)
# Problematic frame:
# C  [libopenblas.dll+0x1066558]
#
# Failed to write core dump. Minidumps are not enabled by default on client versions of Windows
#
# If you would like to submit a bug report, please visit:
#   http://bugreport.java.com/bugreport/crash.jsp
# The crash happened outside the Java Virtual Machine in native code.
# See problematic frame for where to report the bug.
#

---------------  T H R E A D  ---------------

Current thread (0x0000000028e21000):  JavaThread "Thread-9" [_thread_in_native, id=27296, stack(0x000000002dc30000,0x000000002dd30000)]

siginfo: ExceptionCode=0xc0000005, reading address 0x0000000025605d84

Registers:
RAX=0x0000000025605d00, RBX=0x0000000025605f40, RCX=0x0000000025605e80, RDX=0x0000000025605e40
RSP=0x000000002dd2e290, RBP=0x0000000025606000, RSI=0x0000000025605f80, RDI=0x0000000025605fc0
R8 =0x0000000025605ec0, R9 =0x0000000025605f00, R10=0x0000000025605d80, R11=0x0000000025605c80
R12=0x0000000000000000, R13=0x0000000023570000, R14=0x0000000025605cc0, R15=0x0000000025605dc0
RIP=0x000000006e826558, EFLAGS=0x0000000000010246

Top of Stack: (sp=0x000000002dd2e290)
0x000000002dd2e290:   0000000025605c80 0000000025605cc0
0x000000002dd2e2a0:   0000000025605d00 0000000025605d40
0x000000002dd2e2b0:   0000000025605d80 0000000025605dc0
0x000000002dd2e2c0:   0000000025605e00 0000000025605e40
0x000000002dd2e2d0:   0000000025605e80 0000000025605ec0
0x000000002dd2e2e0:   0000000025605f00 0000000025605f40
0x000000002dd2e2f0:   0000000025605f80 0000000025605fc0
0x000000002dd2e300:   0000000025605d80 0000000025605dc0
0x000000002dd2e310:   0000000025606040 0000000025605d00
0x000000002dd2e320:   0000000025605d40 0000000000000008
0x000000002dd2e330:   0000000025605e00 0000000000000008
0x000000002dd2e340:   0000000000000004 0000000000000000
0x000000002dd2e350:   0000000000000040 0000000000000040
0x000000002dd2e360:   0000000000000400 0000000000000080
0x000000002dd2e370:   00000000000000c0 0000000000000100
0x000000002dd2e380:   0000000000000140 0000000000000180 

Instructions: (pc=0x000000006e826558)
0x000000006e826538:   24 78 48 89 84 24 a0 00 00 00 4c 89 a4 24 98 00
0x000000006e826548:   00 00 45 31 e4 0f 1f 00 48 8b 84 24 88 00 00 00
0x000000006e826558:   f3 43 0f 10 54 22 04 f3 43 0f 10 64 23 04 49 83
0x000000006e826568:   ed 80 f3 43 0f 10 6c 26 04 f3 42 0f 10 74 20 04 


Register to memory mapping:

RAX=0x0000000025605d00 is an unknown value
RBX=0x0000000025605f40 is an unknown value
RCX=0x0000000025605e80 is an unknown value
RDX=0x0000000025605e40 is an unknown value
RSP=0x000000002dd2e290 is pointing into the stack for thread: 0x0000000028e21000
RBP=0x0000000025606000 is an unknown value
RSI=0x0000000025605f80 is an unknown value
RDI=0x0000000025605fc0 is an unknown value
R8 =0x0000000025605ec0 is an unknown value
R9 =0x0000000025605f00 is an unknown value
R10=0x0000000025605d80 is an unknown value
R11=0x0000000025605c80 is an unknown value
R12=0x0000000000000000 is an unknown value
R13=0x0000000023570000 is an unknown value
R14=0x0000000025605cc0 is an unknown value
R15=0x0000000025605dc0 is an unknown value


Stack: [0x000000002dc30000,0x000000002dd30000],  sp=0x000000002dd2e290,  free space=1016k
Native frames: (J=compiled Java code, j=interpreted, Vv=VM code, C=native code)
C  [libopenblas.dll+0x1066558]
C  [libopenblas.dll+0xd65e5]
C  [libopenblas.dll+0xa02a]
C  0x0000000002c18c67

Java frames: (J=compiled Java code, j=interpreted, Vv=VM code)
j  org.bytedeco.javacpp.openblas.cblas_sgemm(IIIIIIFLorg/bytedeco/javacpp/FloatPointer;ILorg/bytedeco/javacpp/FloatPointer;IFLorg/bytedeco/javacpp/FloatPointer;I)V+0
j  org.nd4j.linalg.cpu.nativecpu.blas.CpuLevel3.sgemm(CCCIIIFLorg/nd4j/linalg/api/ndarray/INDArray;ILorg/nd4j/linalg/api/ndarray/INDArray;IFLorg/nd4j/linalg/api/ndarray/INDArray;I)V+80
j  org.nd4j.linalg.api.blas.impl.BaseLevel3.gemm(CCCDLorg/nd4j/linalg/api/ndarray/INDArray;Lorg/nd4j/linalg/api/ndarray/INDArray;DLorg/nd4j/linalg/api/ndarray/INDArray;)V+280
j  org.nd4j.linalg.api.ndarray.BaseNDArray.mmuli(Lorg/nd4j/linalg/api/ndarray/INDArray;Lorg/nd4j/linalg/api/ndarray/INDArray;)Lorg/nd4j/linalg/api/ndarray/INDArray;+330
j  org.deeplearning4j.nn.layers.BaseLayer.preOutput(ZLorg/deeplearning4j/nn/workspace/LayerWorkspaceMgr;)Lorg/nd4j/linalg/api/ndarray/INDArray;+265
j  org.deeplearning4j.nn.layers.BaseOutputLayer.preOutput2d(ZLorg/deeplearning4j/nn/workspace/LayerWorkspaceMgr;)Lorg/nd4j/linalg/api/ndarray/INDArray;+3
j  org.deeplearning4j.nn.layers.BaseOutputLayer.computeScore(DDZLorg/deeplearning4j/nn/workspace/LayerWorkspaceMgr;)D+59
j  org.deeplearning4j.nn.graph.ComputationGraph.computeGradientAndScore()V+525
j  org.deeplearning4j.nn.graph.ComputationGraph.computeGradientAndScore(Lorg/deeplearning4j/nn/workspace/LayerWorkspaceMgr;)V+1
j  org.deeplearning4j.optimize.solvers.BaseOptimizer.gradientAndScore(Lorg/deeplearning4j/nn/workspace/LayerWorkspaceMgr;)Lorg/nd4j/linalg/primitives/Pair;+13
j  org.deeplearning4j.optimize.solvers.StochasticGradientDescent.optimize(Lorg/deeplearning4j/nn/workspace/LayerWorkspaceMgr;)Z+2
j  org.deeplearning4j.optimize.Solver.optimize(Lorg/deeplearning4j/nn/workspace/LayerWorkspaceMgr;)V+9
j  org.deeplearning4j.nn.graph.ComputationGraph.fit([Lorg/nd4j/linalg/api/ndarray/INDArray;[Lorg/nd4j/linalg/api/ndarray/INDArray;[Lorg/nd4j/linalg/api/ndarray/INDArray;[Lorg/nd4j/linalg/api/ndarray/INDArray;)V+343
j  org.deeplearning4j.nn.graph.ComputationGraph.fit([Lorg/nd4j/linalg/api/ndarray/INDArray;[Lorg/nd4j/linalg/api/ndarray/INDArray;)V+5
j  ai.A3C.NeuralNetwork.fit([[D[[DLorg/nd4j/linalg/api/ndarray/INDArray;)V+43
j  ai.A3C.Brain.optimize()V+293
j  ai.A3C.Optimizer.run()V+11
v  ~StubRoutines::call_stub

---------------  P R O C E S S  ---------------

Java Threads: ( => current thread )
  0x000000001bb0d000 JavaThread "ZickZackMovementItem-ItemSpawner" [_thread_blocked, id=28588, stack(0x000000002fb30000,0x000000002fc30000)]
  0x000000001bb0e000 JavaThread "TeleportBorderItem-ItemSpawner" [_thread_blocked, id=28220, stack(0x000000002fa30000,0x000000002fb30000)]
  0x0000000028d62800 JavaThread "SpeedItem-ItemSpawner" [_thread_blocked, id=28036, stack(0x000000002f930000,0x000000002fa30000)]
  0x0000000028d5b000 JavaThread "SlowSteerItem-ItemSpawner" [_thread_blocked, id=9900, stack(0x000000002f830000,0x000000002f930000)]
  0x0000000028d61800 JavaThread "SlowItem-ItemSpawner" [_thread_blocked, id=25656, stack(0x000000002f730000,0x000000002f830000)]
  0x0000000028d61000 JavaThread "ReverseSteeringItem-ItemSpawner" [_thread_blocked, id=29460, stack(0x000000002f630000,0x000000002f730000)]
  0x0000000028d60000 JavaThread "MegaFood-ItemSpawner" [_thread_blocked, id=25824, stack(0x000000002f530000,0x000000002f630000)]
  0x0000000028d58800 JavaThread "InvulnerableItem-ItemSpawner" [_thread_blocked, id=8532, stack(0x000000002f430000,0x000000002f530000)]
  0x0000000028d5f800 JavaThread "HeadToTailItem-ItemSpawner" [_thread_blocked, id=8516, stack(0x000000002f330000,0x000000002f430000)]
  0x0000000028d5b800 JavaThread "Food-ItemSpawner" [_thread_blocked, id=6636, stack(0x000000002f230000,0x000000002f330000)]
  0x0000000028d5e800 JavaThread "Timer-7" [_thread_blocked, id=30996, stack(0x000000002f130000,0x000000002f230000)]
  0x0000000028d5a000 JavaThread "Timer-6" [_thread_blocked, id=27720, stack(0x000000002f030000,0x000000002f130000)]
  0x0000000028d58000 JavaThread "ZickZackMovementItem-ItemSpawner" [_thread_blocked, id=20796, stack(0x000000002ef30000,0x000000002f030000)]
  0x0000000028d5e000 JavaThread "TeleportBorderItem-ItemSpawner" [_thread_blocked, id=21540, stack(0x000000002ee30000,0x000000002ef30000)]
  0x0000000028d5d000 JavaThread "SpeedItem-ItemSpawner" [_thread_blocked, id=23156, stack(0x000000002ed30000,0x000000002ee30000)]
  0x0000000028d5c800 JavaThread "SlowSteerItem-ItemSpawner" [_thread_blocked, id=24588, stack(0x000000002ec30000,0x000000002ed30000)]
  0x0000000028d54000 JavaThread "SlowItem-ItemSpawner" [_thread_blocked, id=10528, stack(0x000000002eb30000,0x000000002ec30000)]
  0x0000000028d59800 JavaThread "ReverseSteeringItem-ItemSpawner" [_thread_blocked, id=27708, stack(0x000000002ea30000,0x000000002eb30000)]
  0x0000000028d55800 JavaThread "MegaFood-ItemSpawner" [_thread_blocked, id=29604, stack(0x000000002e930000,0x000000002ea30000)]
  0x0000000028d53800 JavaThread "InvulnerableItem-ItemSpawner" [_thread_blocked, id=18572, stack(0x000000002e830000,0x000000002e930000)]
  0x0000000028d56800 JavaThread "HeadToTailItem-ItemSpawner" [_thread_blocked, id=26780, stack(0x000000002e730000,0x000000002e830000)]
  0x0000000028d55000 JavaThread "Food-ItemSpawner" [_thread_blocked, id=21324, stack(0x000000002e630000,0x000000002e730000)]
  0x0000000028d57000 JavaThread "Timer-5" [_thread_blocked, id=3752, stack(0x000000002e530000,0x000000002e630000)]
  0x0000000028e20000 JavaThread "Timer-4" [_thread_blocked, id=20916, stack(0x000000002e430000,0x000000002e530000)]
  0x0000000028e1f800 JavaThread "Timer-3" [_thread_blocked, id=29280, stack(0x000000002e330000,0x000000002e430000)]
  0x0000000028e1d000 JavaThread "Timer-2" [_thread_blocked, id=17864, stack(0x000000002e230000,0x000000002e330000)]
  0x0000000028e1c800 JavaThread "Timer-1" [_thread_blocked, id=26304, stack(0x000000002e130000,0x000000002e230000)]
  0x0000000028e22800 JavaThread "Timer-0" [_thread_blocked, id=11188, stack(0x000000002e030000,0x000000002e130000)]
  0x0000000028e21800 JavaThread "AWT-Windows" daemon [_thread_in_native, id=23320, stack(0x000000002df30000,0x000000002e030000)]
  0x0000000028e1e800 JavaThread "AWT-Shutdown" [_thread_blocked, id=18408, stack(0x000000002de30000,0x000000002df30000)]
  0x0000000028e1e000 JavaThread "Java2D Disposer" daemon [_thread_blocked, id=28340, stack(0x000000002dd30000,0x000000002de30000)]
  0x0000000028e1b800 JavaThread "DestroyJavaVM" [_thread_blocked, id=17080, stack(0x00000000028b0000,0x00000000029b0000)]
=>0x0000000028e21000 JavaThread "Thread-9" [_thread_in_native, id=27296, stack(0x000000002dc30000,0x000000002dd30000)]
  0x0000000028e14000 JavaThread "Thread-8" [_thread_in_Java, id=27704, stack(0x000000002db30000,0x000000002dc30000)]
  0x0000000028e1b000 JavaThread "Thread-7" [_thread_blocked, id=24676, stack(0x000000002da30000,0x000000002db30000)]
  0x0000000028e17000 JavaThread "Thread-6" [_thread_in_Java, id=19964, stack(0x000000002d930000,0x000000002da30000)]
  0x0000000028e1a000 JavaThread "Thread-5" [_thread_blocked, id=3316, stack(0x000000002d830000,0x000000002d930000)]
  0x0000000028e16800 JavaThread "Thread-4" [_thread_blocked, id=16688, stack(0x000000002d730000,0x000000002d830000)]
  0x0000000028e13800 JavaThread "application-akka.actor.default-dispatcher-11" [_thread_blocked, id=25908, stack(0x000000002d630000,0x000000002d730000)]
  0x0000000028e15800 JavaThread "application-akka.actor.default-dispatcher-10" [_thread_blocked, id=23568, stack(0x000000002d530000,0x000000002d630000)]
  0x0000000028e18000 JavaThread "application-akka.actor.default-dispatcher-9" [_thread_blocked, id=21664, stack(0x000000002d430000,0x000000002d530000)]
  0x0000000028e19800 JavaThread "application-akka.actor.default-dispatcher-7" [_thread_blocked, id=19544, stack(0x000000002d330000,0x000000002d430000)]
  0x0000000028e15000 JavaThread "application-akka.actor.default-dispatcher-8" [_thread_blocked, id=27532, stack(0x000000002d230000,0x000000002d330000)]
  0x000000002902d000 JavaThread "application-akka.actor.default-dispatcher-6" [_thread_blocked, id=17512, stack(0x000000002d130000,0x000000002d230000)]
  0x000000002902f000 JavaThread "application-akka.actor.default-dispatcher-5" [_thread_blocked, id=21904, stack(0x000000002d030000,0x000000002d130000)]
  0x000000002902e800 JavaThread "Thread-3" daemon [_thread_blocked, id=20768, stack(0x000000002cc30000,0x000000002cd30000)]
  0x000000002902b800 JavaThread "New I/O server boss #9" [_thread_in_native, id=26024, stack(0x000000002cb30000,0x000000002cc30000)]
  0x0000000029031000 JavaThread "New I/O worker #8" [_thread_in_native, id=18808, stack(0x000000002ca30000,0x000000002cb30000)]
  0x0000000029030000 JavaThread "New I/O worker #7" [_thread_in_native, id=3328, stack(0x000000002c930000,0x000000002ca30000)]
  0x000000002902c000 JavaThread "New I/O worker #6" [_thread_in_native, id=27024, stack(0x000000002c830000,0x000000002c930000)]
  0x0000000029032800 JavaThread "New I/O worker #5" [_thread_in_native, id=24860, stack(0x000000002c730000,0x000000002c830000)]
  0x000000002902d800 JavaThread "New I/O worker #4" [_thread_in_native, id=30460, stack(0x000000002c630000,0x000000002c730000)]
  0x0000000029031800 JavaThread "New I/O worker #3" [_thread_in_native, id=23088, stack(0x000000002c530000,0x000000002c630000)]
  0x000000002b589000 JavaThread "New I/O worker #2" [_thread_in_native, id=4860, stack(0x000000002c430000,0x000000002c530000)]
  0x000000001b8fa800 JavaThread "New I/O worker #1" [_thread_in_native, id=23384, stack(0x000000002c330000,0x000000002c430000)]
  0x000000001b92b000 JavaThread "application-akka.actor.default-dispatcher-4" [_thread_blocked, id=18188, stack(0x000000002c230000,0x000000002c330000)]
  0x000000001b426800 JavaThread "application-akka.actor.default-dispatcher-3" [_thread_blocked, id=20884, stack(0x000000002c130000,0x000000002c230000)]
  0x000000002b591000 JavaThread "application-akka.actor.default-dispatcher-2" [_thread_blocked, id=27412, stack(0x000000002c030000,0x000000002c130000)]
  0x000000001b8fc800 JavaThread "application-scheduler-1" [_thread_blocked, id=17316, stack(0x000000002bf30000,0x000000002c030000)]
  0x000000001b454000 JavaThread "NativeRandomDeallocator thread 0" daemon [_thread_blocked, id=17376, stack(0x0000000027c00000,0x0000000027d00000)]
  0x000000001b21b800 JavaThread "JavaCPP Deallocator" daemon [_thread_blocked, id=21624, stack(0x000000001c410000,0x000000001c510000)]
  0x000000001a1a2800 JavaThread "Workspace deallocator thread" daemon [_thread_blocked, id=19152, stack(0x000000001c110000,0x000000001c210000)]
  0x000000001997d000 JavaThread "Service Thread" daemon [_thread_blocked, id=21880, stack(0x000000001add0000,0x000000001aed0000)]
  0x000000001997c000 JavaThread "C1 CompilerThread2" daemon [_thread_blocked, id=30436, stack(0x0000000019d00000,0x0000000019e00000)]
  0x0000000019984000 JavaThread "C2 CompilerThread1" daemon [_thread_blocked, id=20956, stack(0x0000000019c00000,0x0000000019d00000)]
  0x0000000019983000 JavaThread "C2 CompilerThread0" daemon [_thread_blocked, id=18128, stack(0x0000000019b00000,0x0000000019c00000)]
  0x0000000019954000 JavaThread "Monitor Ctrl-Break" daemon [_thread_in_native, id=16144, stack(0x0000000019a00000,0x0000000019b00000)]
  0x000000001775e800 JavaThread "Attach Listener" daemon [_thread_blocked, id=20248, stack(0x0000000018cf0000,0x0000000018df0000)]
  0x000000001775d000 JavaThread "Signal Dispatcher" daemon [_thread_blocked, id=28104, stack(0x0000000018bf0000,0x0000000018cf0000)]
  0x0000000017744000 JavaThread "Finalizer" daemon [_thread_blocked, id=13676, stack(0x00000000189c0000,0x0000000018ac0000)]
  0x0000000002aae000 JavaThread "Reference Handler" daemon [_thread_blocked, id=18400, stack(0x00000000188c0000,0x00000000189c0000)]

Other Threads:
  0x0000000017718000 VMThread [stack: 0x00000000187c0000,0x00000000188c0000] [id=21328]
  0x0000000019eac800 WatcherThread [stack: 0x000000001aed0000,0x000000001afd0000] [id=17128]

VM state:not at safepoint (normal execution)

VM Mutex/Monitor currently owned by a thread: None

Heap:
 PSYoungGen      total 146944K, used 54828K [0x00000000d5f80000, 0x00000000e2b00000, 0x0000000100000000)
  eden space 139264K, 39% used [0x00000000d5f80000,0x00000000d950b0d0,0x00000000de780000)
  from space 7680K, 0% used [0x00000000de780000,0x00000000de780000,0x00000000def00000)
  to   space 7680K, 0% used [0x00000000e2380000,0x00000000e2380000,0x00000000e2b00000)
 ParOldGen       total 77312K, used 7972K [0x0000000081e00000, 0x0000000086980000, 0x00000000d5f80000)
  object space 77312K, 10% used [0x0000000081e00000,0x00000000825c93e8,0x0000000086980000)
 Metaspace       used 38088K, capacity 38469K, committed 38872K, reserved 1083392K
  class space    used 5232K, capacity 5354K, committed 5376K, reserved 1048576K

Card table byte_map: [0x0000000011fc0000,0x00000000123c0000] byte_map_base: 0x0000000011bb1000

Marking Bits: (ParMarkBitMap*) 0x0000000065143c10
 Begin Bits: [0x0000000012a70000, 0x00000000149f8000)
 End Bits:   [0x00000000149f8000, 0x0000000016980000)

Polling page: 0x0000000002770000

CodeCache: size=245760Kb used=9058Kb max_used=9058Kb free=236701Kb
 bounds [0x0000000002c00000, 0x00000000034e0000, 0x0000000011c00000]
 total_blobs=3829 nmethods=2740 adapters=1001
 compilation: enabled

Compilation events (10 events):
Event: 4.339 Thread 0x000000001997c000 2700       3       org.nd4j.linalg.memory.abstracts.Nd4jWorkspace::reset (17 bytes)
Event: 4.339 Thread 0x000000001997c000 nmethod 2700 0x00000000034c4450 code [0x00000000034c45c0, 0x00000000034c4910]
Event: 4.339 Thread 0x000000001997c000 2701       3       org.nd4j.linalg.factory.Nd4j::createUninitialized (39 bytes)
Event: 4.340 Thread 0x000000001997c000 nmethod 2701 0x00000000034c6510 code [0x00000000034c6780, 0x00000000034c7528]
Event: 4.343 Thread 0x000000001997c000 2702       1       org.nd4j.linalg.factory.Nd4j::getMemoryManager (4 bytes)
Event: 4.343 Thread 0x000000001997c000 nmethod 2702 0x00000000034c4190 code [0x00000000034c42e0, 0x00000000034c43d0]
Event: 4.363 Thread 0x000000001997c000 2703       3       scala.runtime.AbstractPartialFunction::<init> (13 bytes)
Event: 4.363 Thread 0x000000001997c000 nmethod 2703 0x00000000034c3c90 code [0x00000000034c3e00, 0x00000000034c4070]
Event: 4.367 Thread 0x000000001997c000 2704       1       akka.actor.LightArrayRevolverScheduler::akka$actor$LightArrayRevolverScheduler$$wheelMask (5 bytes)
Event: 4.367 Thread 0x000000001997c000 nmethod 2704 0x00000000034c39d0 code [0x00000000034c3b20, 0x00000000034c3c30]

GC Heap History (10 events):
Event: 2.601 GC heap before
{Heap before GC invocations=9 (full 1):
 PSYoungGen      total 71680K, used 66560K [0x00000000d5f80000, 0x00000000dee80000, 0x0000000100000000)
  eden space 66560K, 100% used [0x00000000d5f80000,0x00000000da080000,0x00000000da080000)
  from space 5120K, 0% used [0x00000000da080000,0x00000000da080000,0x00000000da580000)
  to   space 6656K, 0% used [0x00000000de800000,0x00000000de800000,0x00000000dee80000)
 ParOldGen       total 54784K, used 6566K [0x0000000081e00000, 0x0000000085380000, 0x00000000d5f80000)
  object space 54784K, 11% used [0x0000000081e00000,0x0000000082469a48,0x0000000085380000)
 Metaspace       used 23709K, capacity 23933K, committed 24192K, reserved 1071104K
  class space    used 3273K, capacity 3370K, committed 3456K, reserved 1048576K
Event: 2.603 GC heap after
Heap after GC invocations=9 (full 1):
 PSYoungGen      total 108032K, used 2679K [0x00000000d5f80000, 0x00000000deb00000, 0x0000000100000000)
  eden space 104960K, 0% used [0x00000000d5f80000,0x00000000d5f80000,0x00000000dc600000)
  from space 3072K, 87% used [0x00000000de800000,0x00000000dea9ded8,0x00000000deb00000)
  to   space 6656K, 0% used [0x00000000dde00000,0x00000000dde00000,0x00000000de480000)
 ParOldGen       total 54784K, used 6574K [0x0000000081e00000, 0x0000000085380000, 0x00000000d5f80000)
  object space 54784K, 12% used [0x0000000081e00000,0x000000008246ba48,0x0000000085380000)
 Metaspace       used 23709K, capacity 23933K, committed 24192K, reserved 1071104K
  class space    used 3273K, capacity 3370K, committed 3456K, reserved 1048576K
}
Event: 3.272 GC heap before
{Heap before GC invocations=10 (full 1):
 PSYoungGen      total 108032K, used 107639K [0x00000000d5f80000, 0x00000000deb00000, 0x0000000100000000)
  eden space 104960K, 100% used [0x00000000d5f80000,0x00000000dc600000,0x00000000dc600000)
  from space 3072K, 87% used [0x00000000de800000,0x00000000dea9ded8,0x00000000deb00000)
  to   space 6656K, 0% used [0x00000000dde00000,0x00000000dde00000,0x00000000de480000)
 ParOldGen       total 54784K, used 6574K [0x0000000081e00000, 0x0000000085380000, 0x00000000d5f80000)
  object space 54784K, 12% used [0x0000000081e00000,0x000000008246ba48,0x0000000085380000)
 Metaspace       used 27801K, capacity 28125K, committed 28416K, reserved 1073152K
  class space    used 3906K, capacity 4006K, committed 4096K, reserved 1048576K
Event: 3.278 GC heap after
Heap after GC invocations=10 (full 1):
 PSYoungGen      total 136192K, used 5076K [0x00000000d5f80000, 0x00000000df580000, 0x0000000100000000)
  eden space 129536K, 0% used [0x00000000d5f80000,0x00000000d5f80000,0x00000000dde00000)
  from space 6656K, 76% used [0x00000000dde00000,0x00000000de2f5120,0x00000000de480000)
  to   space 6656K, 0% used [0x00000000def00000,0x00000000def00000,0x00000000df580000)
 ParOldGen       total 54784K, used 6582K [0x0000000081e00000, 0x0000000085380000, 0x00000000d5f80000)
  object space 54784K, 12% used [0x0000000081e00000,0x000000008246da48,0x0000000085380000)
 Metaspace       used 27801K, capacity 28125K, committed 28416K, reserved 1073152K
  class space    used 3906K, capacity 4006K, committed 4096K, reserved 1048576K
}
Event: 3.723 GC heap before
{Heap before GC invocations=11 (full 1):
 PSYoungGen      total 136192K, used 134612K [0x00000000d5f80000, 0x00000000df580000, 0x0000000100000000)
  eden space 129536K, 100% used [0x00000000d5f80000,0x00000000dde00000,0x00000000dde00000)
  from space 6656K, 76% used [0x00000000dde00000,0x00000000de2f5120,0x00000000de480000)
  to   space 6656K, 0% used [0x00000000def00000,0x00000000def00000,0x00000000df580000)
 ParOldGen       total 54784K, used 6582K [0x0000000081e00000, 0x0000000085380000, 0x00000000d5f80000)
  object space 54784K, 12% used [0x0000000081e00000,0x000000008246da48,0x0000000085380000)
 Metaspace       used 32831K, capacity 33121K, committed 33408K, reserved 1077248K
  class space    used 4600K, capacity 4712K, committed 4736K, reserved 1048576K
Event: 3.729 GC heap after
Heap after GC invocations=11 (full 1):
 PSYoungGen      total 145920K, used 6372K [0x00000000d5f80000, 0x00000000e1900000, 0x0000000100000000)
  eden space 139264K, 0% used [0x00000000d5f80000,0x00000000d5f80000,0x00000000de780000)
  from space 6656K, 95% used [0x00000000def00000,0x00000000df5392e8,0x00000000df580000)
  to   space 7680K, 0% used [0x00000000de780000,0x00000000de780000,0x00000000def00000)
 ParOldGen       total 54784K, used 6988K [0x0000000081e00000, 0x0000000085380000, 0x00000000d5f80000)
  object space 54784K, 12% used [0x0000000081e00000,0x00000000824d3368,0x0000000085380000)
 Metaspace       used 32831K, capacity 33121K, committed 33408K, reserved 1077248K
  class space    used 4600K, capacity 4712K, committed 4736K, reserved 1048576K
}
Event: 3.841 GC heap before
{Heap before GC invocations=12 (full 1):
 PSYoungGen      total 145920K, used 37161K [0x00000000d5f80000, 0x00000000e1900000, 0x0000000100000000)
  eden space 139264K, 22% used [0x00000000d5f80000,0x00000000d7d91470,0x00000000de780000)
  from space 6656K, 95% used [0x00000000def00000,0x00000000df5392e8,0x00000000df580000)
  to   space 7680K, 0% used [0x00000000de780000,0x00000000de780000,0x00000000def00000)
 ParOldGen       total 54784K, used 6988K [0x0000000081e00000, 0x0000000085380000, 0x00000000d5f80000)
  object space 54784K, 12% used [0x0000000081e00000,0x00000000824d3368,0x0000000085380000)
 Metaspace       used 34917K, capacity 35195K, committed 35416K, reserved 1079296K
  class space    used 4847K, capacity 4979K, committed 4992K, reserved 1048576K
Event: 3.843 GC heap after
Heap after GC invocations=12 (full 1):
 PSYoungGen      total 146944K, used 1699K [0x00000000d5f80000, 0x00000000e2b00000, 0x0000000100000000)
  eden space 139264K, 0% used [0x00000000d5f80000,0x00000000d5f80000,0x00000000de780000)
  from space 7680K, 22% used [0x00000000de780000,0x00000000de928c70,0x00000000def00000)
  to   space 7680K, 0% used [0x00000000e2380000,0x00000000e2380000,0x00000000e2b00000)
 ParOldGen       total 54784K, used 9229K [0x0000000081e00000, 0x0000000085380000, 0x00000000d5f80000)
  object space 54784K, 16% used [0x0000000081e00000,0x0000000082703750,0x0000000085380000)
 Metaspace       used 34917K, capacity 35195K, committed 35416K, reserved 1079296K
  class space    used 4847K, capacity 4979K, committed 4992K, reserved 1048576K
}
Event: 3.843 GC heap before
{Heap before GC invocations=13 (full 2):
 PSYoungGen      total 146944K, used 1699K [0x00000000d5f80000, 0x00000000e2b00000, 0x0000000100000000)
  eden space 139264K, 0% used [0x00000000d5f80000,0x00000000d5f80000,0x00000000de780000)
  from space 7680K, 22% used [0x00000000de780000,0x00000000de928c70,0x00000000def00000)
  to   space 7680K, 0% used [0x00000000e2380000,0x00000000e2380000,0x00000000e2b00000)
 ParOldGen       total 54784K, used 9229K [0x0000000081e00000, 0x0000000085380000, 0x00000000d5f80000)
  object space 54784K, 16% used [0x0000000081e00000,0x0000000082703750,0x0000000085380000)
 Metaspace       used 34917K, capacity 35195K, committed 35416K, reserved 1079296K
  class space    used 4847K, capacity 4979K, committed 4992K, reserved 1048576K
Event: 3.864 GC heap after
Heap after GC invocations=13 (full 2):
 PSYoungGen      total 146944K, used 0K [0x00000000d5f80000, 0x00000000e2b00000, 0x0000000100000000)
  eden space 139264K, 0% used [0x00000000d5f80000,0x00000000d5f80000,0x00000000de780000)
  from space 7680K, 0% used [0x00000000de780000,0x00000000de780000,0x00000000def00000)
  to   space 7680K, 0% used [0x00000000e2380000,0x00000000e2380000,0x00000000e2b00000)
 ParOldGen       total 77312K, used 7972K [0x0000000081e00000, 0x0000000086980000, 0x00000000d5f80000)
  object space 77312K, 10% used [0x0000000081e00000,0x00000000825c93e8,0x0000000086980000)
 Metaspace       used 34909K, capacity 35183K, committed 35416K, reserved 1079296K
  class space    used 4844K, capacity 4973K, committed 4992K, reserved 1048576K
}

Deoptimization events (10 events):
Event: 3.815 Thread 0x00000000029ba800 Uncommon trap: reason=bimorphic action=maybe_recompile pc=0x00000000030919cc method=java.util.regex.Pattern$CharProperty.match(Ljava/util/regex/Matcher;ILjava/lang/CharSequence;)Z @ 37
Event: 3.816 Thread 0x00000000029ba800 Uncommon trap: reason=bimorphic action=maybe_recompile pc=0x00000000030919cc method=java.util.regex.Pattern$CharProperty.match(Ljava/util/regex/Matcher;ILjava/lang/CharSequence;)Z @ 37
Event: 3.816 Thread 0x00000000029ba800 Uncommon trap: reason=bimorphic action=maybe_recompile pc=0x00000000030919cc method=java.util.regex.Pattern$CharProperty.match(Ljava/util/regex/Matcher;ILjava/lang/CharSequence;)Z @ 37
Event: 3.864 Thread 0x0000000002aae000 Uncommon trap: reason=unstable_if action=reinterpret pc=0x00000000030779f8 method=java.lang.ref.Reference.tryHandlePending(Z)Z @ 20
Event: 3.913 Thread 0x0000000028e1a000 Uncommon trap: reason=unstable_if action=reinterpret pc=0x000000000313c878 method=java.util.HashMap.putVal(ILjava/lang/Object;Ljava/lang/Object;ZZ)Ljava/lang/Object; @ 236
Event: 3.918 Thread 0x000000002902d000 Uncommon trap: reason=class_check action=maybe_recompile pc=0x0000000002dcc5a0 method=java.lang.String.equals(Ljava/lang/Object;)Z @ 8
Event: 3.919 Thread 0x000000002902d000 Uncommon trap: reason=class_check action=maybe_recompile pc=0x0000000002dcc5a0 method=java.lang.String.equals(Ljava/lang/Object;)Z @ 8
Event: 3.919 Thread 0x000000002902d000 Uncommon trap: reason=class_check action=maybe_recompile pc=0x0000000002dcc5a0 method=java.lang.String.equals(Ljava/lang/Object;)Z @ 8
Event: 4.033 Thread 0x0000000028e13800 Uncommon trap: reason=unstable_if action=reinterpret pc=0x000000000338f0ec method=scala.concurrent.forkjoin.ForkJoinPool.scan(Lscala/concurrent/forkjoin/ForkJoinPool$WorkQueue;)Lscala/concurrent/forkjoin/ForkJoinTask; @ 223
Event: 4.187 Thread 0x0000000028e21000 Uncommon trap: reason=unstable_if action=reinterpret pc=0x0000000003279388 method=ai.A3C.Brain.optimize()V @ 20

Classes redefined (0 events):
No events

Internal exceptions (10 events):
Event: 2.335 Thread 0x00000000029ba800 Exception <a 'java/lang/ArrayIndexOutOfBoundsException': 18> (0x00000000d64fa338) thrown at [C:\re\workspace\8-2-build-windows-amd64-cygwin\jdk8u172\10810\hotspot\src\share\vm\interpreter\interpreterRuntime.cpp, line 366]
Event: 2.335 Thread 0x00000000029ba800 Exception <a 'java/lang/ArrayIndexOutOfBoundsException': 60> (0x00000000d64fb9b8) thrown at [C:\re\workspace\8-2-build-windows-amd64-cygwin\jdk8u172\10810\hotspot\src\share\vm\interpreter\interpreterRuntime.cpp, line 366]
Event: 2.335 Thread 0x00000000029ba800 Exception <a 'java/lang/IllegalArgumentException': Constant pool index out of bounds> (0x00000000d64fe2d0) thrown at [C:\re\workspace\8-2-build-windows-amd64-cygwin\jdk8u172\10810\hotspot\src\share\vm\prims\jvm.cpp, line 1912]
Event: 2.335 Thread 0x00000000029ba800 Exception <a 'java/lang/IllegalArgumentException': Wrong type at constant pool index> (0x00000000d64fe548) thrown at [C:\re\workspace\8-2-build-windows-amd64-cygwin\jdk8u172\10810\hotspot\src\share\vm\prims\jvm.cpp, line 2299]
Event: 2.335 Thread 0x00000000029ba800 Exception <a 'java/lang/IllegalArgumentException': Wrong type at constant pool index> (0x00000000d64fe7c0) thrown at [C:\re\workspace\8-2-build-windows-amd64-cygwin\jdk8u172\10810\hotspot\src\share\vm\prims\jvm.cpp, line 2299]
Event: 2.604 Thread 0x00000000029ba800 Exception <a 'java/lang/ArrayIndexOutOfBoundsException': 0> (0x00000000d5f8efc0) thrown at [C:\re\workspace\8-2-build-windows-amd64-cygwin\jdk8u172\10810\hotspot\src\share\vm\interpreter\interpreterRuntime.cpp, line 366]
Event: 2.611 Thread 0x00000000029ba800 Exception <a 'java/lang/ArrayIndexOutOfBoundsException': 0> (0x00000000d606ac68) thrown at [C:\re\workspace\8-2-build-windows-amd64-cygwin\jdk8u172\10810\hotspot\src\share\vm\interpreter\interpreterRuntime.cpp, line 366]
Event: 2.736 Thread 0x00000000029ba800 Implicit null exception at 0x0000000002d9fb96 to 0x0000000002d9ff21
Event: 3.832 Thread 0x0000000028e16800 Exception <a 'java/io/FileNotFoundException'> (0x00000000d7c2ca70) thrown at [C:\re\workspace\8-2-build-windows-amd64-cygwin\jdk8u172\10810\hotspot\src\share\vm\prims\jni.cpp, line 709]
Event: 3.909 Thread 0x0000000028e1a000 Exception <a 'java/lang/IncompatibleClassChangeError': Found class java.lang.Object, but interface was expected> (0x00000000d6bdbcf0) thrown at [C:\re\workspace\8-2-build-windows-amd64-cygwin\jdk8u172\10810\hotspot\src\share\vm\interpreter\linkResolver.cp

Events (10 events):
Event: 4.329 loading class org/nd4j/linalg/api/ops/impl/transforms/arithmetic/OldDivOp
Event: 4.329 loading class org/nd4j/linalg/api/ops/impl/transforms/arithmetic/OldDivOp done
Event: 4.331 loading class org/nd4j/linalg/api/ops/impl/transforms/Negative
Event: 4.331 loading class org/nd4j/linalg/api/ops/impl/transforms/Negative done
Event: 4.333 loading class org/nd4j/linalg/api/ops/impl/scalar/ScalarSubtraction
Event: 4.333 loading class org/nd4j/linalg/api/ops/impl/scalar/ScalarSubtraction done
Event: 4.336 loading class org/nd4j/linalg/api/ops/impl/transforms/Step
Event: 4.336 loading class org/nd4j/linalg/api/ops/impl/transforms/Step done
Event: 4.342 loading class org/nd4j/linalg/api/ops/impl/accum/Norm2
Event: 4.342 loading class org/nd4j/linalg/api/ops/impl/accum/Norm2 done


Dynamic libraries:
0x00007ff6b61d0000 - 0x00007ff6b6207000 	D:\Java\jdk1.8.172\bin\java.exe
0x00007ff970040000 - 0x00007ff970221000 	C:\WINDOWS\SYSTEM32\ntdll.dll
0x00007ff96e350000 - 0x00007ff96e402000 	C:\WINDOWS\System32\KERNEL32.DLL
0x00007ff96c680000 - 0x00007ff96c8f3000 	C:\WINDOWS\System32\KERNELBASE.dll
0x00007ff96e880000 - 0x00007ff96e921000 	C:\WINDOWS\System32\ADVAPI32.dll
0x00007ff96e930000 - 0x00007ff96e9ce000 	C:\WINDOWS\System32\msvcrt.dll
0x00007ff96e210000 - 0x00007ff96e26b000 	C:\WINDOWS\System32\sechost.dll
0x00007ff96d650000 - 0x00007ff96d774000 	C:\WINDOWS\System32\RPCRT4.dll
0x00007ff96fe80000 - 0x00007ff970010000 	C:\WINDOWS\System32\USER32.dll
0x00007ff96c410000 - 0x00007ff96c430000 	C:\WINDOWS\System32\win32u.dll
0x00007ff96e270000 - 0x00007ff96e298000 	C:\WINDOWS\System32\GDI32.dll
0x00007ff96c900000 - 0x00007ff96ca92000 	C:\WINDOWS\System32\gdi32full.dll
0x00007ff96c430000 - 0x00007ff96c4cf000 	C:\WINDOWS\System32\msvcp_win.dll
0x00007ff96c4d0000 - 0x00007ff96c5ca000 	C:\WINDOWS\System32\ucrtbase.dll
0x00007ff959f40000 - 0x00007ff95a1a9000 	C:\WINDOWS\WinSxS\amd64_microsoft.windows.common-controls_6595b64144ccf1df_6.0.17134.112_none_fb3f961b30681c12\COMCTL32.dll
0x00007ff96d960000 - 0x00007ff96dc83000 	C:\WINDOWS\System32\combase.dll
0x00007ff96cb00000 - 0x00007ff96cb7a000 	C:\WINDOWS\System32\bcryptPrimitives.dll
0x00007ff96d780000 - 0x00007ff96d7ad000 	C:\WINDOWS\System32\IMM32.DLL
0x0000000067330000 - 0x0000000067402000 	D:\Java\jdk1.8.172\jre\bin\msvcr100.dll
0x0000000064920000 - 0x00000000651c3000 	D:\Java\jdk1.8.172\jre\bin\server\jvm.dll
0x00007ff96dfd0000 - 0x00007ff96dfd8000 	C:\WINDOWS\System32\PSAPI.DLL
0x00007ff969060000 - 0x00007ff969083000 	C:\WINDOWS\SYSTEM32\WINMM.dll
0x00007ff94f7b0000 - 0x00007ff94f7b9000 	C:\WINDOWS\SYSTEM32\WSOCK32.dll
0x00007ff96e140000 - 0x00007ff96e1ac000 	C:\WINDOWS\System32\WS2_32.dll
0x00007ff967720000 - 0x00007ff96772a000 	C:\WINDOWS\SYSTEM32\VERSION.dll
0x00007ff969030000 - 0x00007ff96905a000 	C:\WINDOWS\SYSTEM32\WINMMBASE.dll
0x00007ff96d480000 - 0x00007ff96d4c9000 	C:\WINDOWS\System32\cfgmgr32.dll
0x0000000067320000 - 0x000000006732f000 	D:\Java\jdk1.8.172\jre\bin\verify.dll
0x00000000672f0000 - 0x0000000067319000 	D:\Java\jdk1.8.172\jre\bin\java.dll
0x00000000672c0000 - 0x00000000672e3000 	D:\Java\jdk1.8.172\jre\bin\instrument.dll
0x00000000672a0000 - 0x00000000672b6000 	D:\Java\jdk1.8.172\jre\bin\zip.dll
0x00007ff96e9d0000 - 0x00007ff96fe10000 	C:\WINDOWS\System32\SHELL32.dll
0x00007ff96e2a0000 - 0x00007ff96e349000 	C:\WINDOWS\System32\shcore.dll
0x00007ff96cd70000 - 0x00007ff96d47d000 	C:\WINDOWS\System32\windows.storage.dll
0x00007ff96d550000 - 0x00007ff96d5a1000 	C:\WINDOWS\System32\shlwapi.dll
0x00007ff96c360000 - 0x00007ff96c371000 	C:\WINDOWS\System32\kernel.appcore.dll
0x00007ff96c380000 - 0x00007ff96c39f000 	C:\WINDOWS\System32\profapi.dll
0x00007ff96c3c0000 - 0x00007ff96c40c000 	C:\WINDOWS\System32\powrprof.dll
0x00007ff96c350000 - 0x00007ff96c35a000 	C:\WINDOWS\System32\FLTLIB.DLL
0x00007ff93fe90000 - 0x00007ff93feaa000 	D:\Programme\IntelliJIdea\bin\breakgen64.dll
0x0000000067280000 - 0x000000006729a000 	D:\Java\jdk1.8.172\jre\bin\net.dll
0x00007ff96bbd0000 - 0x00007ff96bc36000 	C:\WINDOWS\system32\mswsock.dll
0x0000000067260000 - 0x0000000067271000 	D:\Java\jdk1.8.172\jre\bin\nio.dll
0x0000000069480000 - 0x000000006afb3000 	C:\Users\Jonas\.javacpp\cache\nd4j-native-1.0.0-beta-windows-x86_64.jar\org\nd4j\nativeblas\windows-x86_64\libnd4jcpu.dll
0x0000000066880000 - 0x0000000066e5d000 	C:\Users\Jonas\.javacpp\cache\nd4j-native-1.0.0-beta-windows-x86_64.jar\org\nd4j\nativeblas\windows-x86_64\jnind4jcpu.dll
0x000000006d7c0000 - 0x000000006f95e000 	C:\Users\Jonas\.javacpp\cache\openblas-0.2.20-1.4.1-windows-x86_64.jar\org\bytedeco\javacpp\windows-x86_64\libopenblas.dll
0x0000000067800000 - 0x0000000068570000 	C:\Users\Jonas\.javacpp\cache\openblas-0.2.20-1.4.1-windows-x86_64.jar\org\bytedeco\javacpp\windows-x86_64\jniopenblas.dll
0x00007ff96bd80000 - 0x00007ff96bd97000 	C:\WINDOWS\SYSTEM32\CRYPTSP.dll
0x00007ff96b7b0000 - 0x00007ff96b7e3000 	C:\WINDOWS\system32\rsaenh.dll
0x00007ff96beb0000 - 0x00007ff96bed5000 	C:\WINDOWS\SYSTEM32\bcrypt.dll
0x00007ff96c250000 - 0x00007ff96c278000 	C:\WINDOWS\SYSTEM32\USERENV.dll
0x00007ff96bda0000 - 0x00007ff96bdab000 	C:\WINDOWS\SYSTEM32\CRYPTBASE.dll
0x00007ff96b950000 - 0x00007ff96b988000 	C:\WINDOWS\SYSTEM32\IPHLPAPI.DLL
0x00007ff96fe10000 - 0x00007ff96fe18000 	C:\WINDOWS\System32\NSI.dll
0x00007ff967e80000 - 0x00007ff967e96000 	C:\WINDOWS\SYSTEM32\dhcpcsvc6.DLL
0x00007ff967e60000 - 0x00007ff967e7a000 	C:\WINDOWS\SYSTEM32\dhcpcsvc.DLL
0x00000000670c0000 - 0x0000000067259000 	D:\Java\jdk1.8.172\jre\bin\awt.dll
0x00007ff96dc90000 - 0x00007ff96dd52000 	C:\WINDOWS\System32\OLEAUT32.dll
0x00007ff96a700000 - 0x00007ff96a78b000 	C:\WINDOWS\SYSTEM32\apphelp.dll
0x00007ff96a890000 - 0x00007ff96a928000 	C:\WINDOWS\system32\uxtheme.dll
0x00007ff96de50000 - 0x00007ff96dfc5000 	C:\WINDOWS\System32\MSCTF.dll
0x00007ff95e4f0000 - 0x00007ff95e51c000 	C:\PROGRA~2\RAPTRI~1\Raptr\ltc_help64-119906.dll
0x00007ff96caa0000 - 0x00007ff96caf7000 	C:\WINDOWS\System32\WINTRUST.dll
0x00007ff96c3a0000 - 0x00007ff96c3b2000 	C:\WINDOWS\System32\MSASN1.dll
0x00007ff96cb80000 - 0x00007ff96cd62000 	C:\WINDOWS\System32\CRYPT32.dll
0x00007ff96aae0000 - 0x00007ff96ab09000 	C:\WINDOWS\system32\dwmapi.dll
0x00007ff96dfe0000 - 0x00007ff96e131000 	C:\WINDOWS\System32\ole32.dll
0x00007ff94afe0000 - 0x00007ff94b1a9000 	C:\WINDOWS\SYSTEM32\dbghelp.dll

VM Arguments:
jvm_args: -javaagent:D:\Programme\IntelliJIdea\lib\idea_rt.jar=58660:D:\Programme\IntelliJIdea\bin -Dfile.encoding=UTF-8 
java_command: logic.Main
java_class_path (initial): D:\Java\jdk1.8.172\jre\lib\charsets.jar;D:\Java\jdk1.8.172\jre\lib\deploy.jar;D:\Java\jdk1.8.172\jre\lib\ext\access-bridge-64.jar;D:\Java\jdk1.8.172\jre\lib\ext\cldrdata.jar;D:\Java\jdk1.8.172\jre\lib\ext\dnsns.jar;D:\Java\jdk1.8.172\jre\lib\ext\jaccess.jar;D:\Java\jdk1.8.172\jre\lib\ext\jfxrt.jar;D:\Java\jdk1.8.172\jre\lib\ext\localedata.jar;D:\Java\jdk1.8.172\jre\lib\ext\nashorn.jar;D:\Java\jdk1.8.172\jre\lib\ext\sunec.jar;D:\Java\jdk1.8.172\jre\lib\ext\sunjce_provider.jar;D:\Java\jdk1.8.172\jre\lib\ext\sunmscapi.jar;D:\Java\jdk1.8.172\jre\lib\ext\sunpkcs11.jar;D:\Java\jdk1.8.172\jre\lib\ext\zipfs.jar;D:\Java\jdk1.8.172\jre\lib\javaws.jar;D:\Java\jdk1.8.172\jre\lib\jce.jar;D:\Java\jdk1.8.172\jre\lib\jfr.jar;D:\Java\jdk1.8.172\jre\lib\jfxswt.jar;D:\Java\jdk1.8.172\jre\lib\jsse.jar;D:\Java\jdk1.8.172\jre\lib\management-agent.jar;D:\Java\jdk1.8.172\jre\lib\plugin.jar;D:\Java\jdk1.8.172\jre\lib\resources.jar;D:\Java\jdk1.8.172\jre\lib\rt.jar;D:\Jonas\Git\SlaterooProject\Slateroo\target\classes;D:\Jonas\Git\SlaterooProject\Utilities\bin;C:\Users\Jonas\.m2\repository\org\deeplearning4j\deeplearning4j-core\1.0.0-beta\deeplearning4j-core-1.0.0-beta.jar;C:\Users\Jonas\.m2\repository\org\deeplearning4j\deeplearning4j-tsne\1.0.0-beta\deeplearning4j-tsne-1.0.0-beta.jar;C:\Users\Jonas\.m2\repository\org\projectlombok\lombok\1.16.20\lombok-1.16.20.jar;C:\Users\Jonas\.m2\repository\org\deeplearning4j\deeplearning4j-datasets\1.0.0-beta\deeplearning4j-datasets-1.0.0-beta.jar;C:\Users\Jonas\.m2\repository\org\deeplearning4j\deeplearning4j-datavec-iterators\1.0.0-beta\deeplearning4j-datavec-iterators-1.0.0-beta.jar;C:\Users\Jonas\.m2\repository\org\deeplearning4j\nearestneighbor-core\1.0.0-beta\nearestneighbor-core-1.0.0-beta.jar;C:\Users\Jonas\.m2\repository\org\threadly\threadly\4.10.0\threadly-4.10.0.jar;C:\Users\Jonas\.m2\repository\org\deeplearning4j\deeplearning4j-modelimport\1.0.0-beta\deeplearning4j-modelimport-1.0.0-beta.jar;C:\Users\Jonas\.m2\r
Launcher Type: SUN_STANDARD

Environment Variables:
JAVA_HOME=D:\Java\jdk1.8.172\
PATH=C:\Program Files (x86)\Common Files\Oracle\Java\javapath;C:\ProgramData\Oracle\Java\javapath;C:\Program Files (x86)\NVIDIA Corporation\PhysX\Common;C:\Program Files (x86)\Intel\iCLS Client\;C:\Program Files\Intel\iCLS Client\;C:\WINDOWS\system32;C:\WINDOWS;C:\WINDOWS\System32\Wbem;C:\WINDOWS\System32\WindowsPowerShell\v1.0\;C:\Program Files (x86)\ATI Technologies\ATI.ACE\Core-Static;C:\Program Files\Intel\Intel(R) Management Engine Components\DAL;C:\Program Files\Intel\Intel(R) Management Engine Components\IPT;C:\Program Files (x86)\Intel\Intel(R) Management Engine Components\DAL;C:\Program Files (x86)\Intel\Intel(R) Management Engine Components\IPT;C:\Program Files (x86)\IVI Foundation\VISA\WinNT\Bin;C:\Program Files\Microsoft SQL Server\110\Tools\Binn\;C:\Program Files\Microsoft SQL Server\130\Tools\Binn\;C:\Program Files (x86)\Skype\Phone\;D:\Programme\msys2\mingw64\bin;D:\Programme\msys2\usr\bin;D:\Python\Python36\Scripts;C:\Program Files (x86)\AMD\ATI.ACE\Core-Static;D:\Programme\Assembler\Ride7\Ride\bin;D:\Programme\TortoiseGit\bin;C:\WINDOWS\System32\OpenSSH\;D:\Java\apache-maven-3.5.3\bin;D:\Java\jdk1.8.172\\bin;C:\Users\Jonas\AppData\Local\Microsoft\WindowsApps;D:\Programme\msys2\mingw64\bin;D:\Programme\msys2\usr\bin;D:\Python\Python36\Scripts;D:\Python\Python36;D:\Programme\Git\cmd;
USERNAME=Jonas
OS=Windows_NT
PROCESSOR_IDENTIFIER=Intel64 Family 6 Model 60 Stepping 3, GenuineIntel



---------------  S Y S T E M  ---------------

OS: Windows 10.0 , 64 bit Build 17134 (10.0.17134.1)

CPU:total 4 (initial active 4) (4 cores per cpu, 1 threads per core) family 6 model 60 stepping 3, cmov, cx8, fxsr, mmx, sse, sse2, sse3, ssse3, sse4.1, sse4.2, popcnt, avx, avx2, aes, clmul, erms, lzcnt, tsc, tscinvbit, bmi1, bmi2

Memory: 4k page, physical 8264700k(2906328k free), swap 16653308k(6526792k free)

vm_info: Java HotSpot(TM) 64-Bit Server VM (25.172-b11) for windows-amd64 JRE (1.8.0_172-b11), built on Mar 28 2018 21:21:52 by "java_re" with MS VC++ 10.0 (VS2010)

time: Sun Jun 17 19:34:46 2018
elapsed time: 4 seconds (0d 0h 0m 4s)

